<?xml version="1.0" encoding="UTF-8"?>
<testng-results ignored="0" total="2" passed="2" failed="0" skipped="0">
  <reporter-output>
  </reporter-output>
  <suite started-at="2024-03-23T07:02:02 EDT" name="Default suite" finished-at="2024-03-23T07:02:14 EDT" duration-ms="12402">
    <groups>
    </groups>
    <test started-at="2024-03-23T07:02:02 EDT" name="Default test" finished-at="2024-03-23T07:02:14 EDT" duration-ms="12402">
      <class name="com.ws.testcase.TestLoginPage">
        <test-method signature="testHomePageTitle()[pri:1, instance:com.ws.testcase.TestLoginPage@7ef82753]" started-at="2024-03-23T07:02:02 EDT" name="testHomePageTitle" finished-at="2024-03-23T07:02:07 EDT" duration-ms="5159" status="PASS">
          <reporter-output>
          </reporter-output>
        </test-method> <!-- testHomePageTitle -->
        <test-method signature="testLoginFunction()[pri:2, instance:com.ws.testcase.TestLoginPage@7ef82753]" started-at="2024-03-23T07:02:07 EDT" name="testLoginFunction" finished-at="2024-03-23T07:02:14 EDT" duration-ms="7165" status="PASS">
          <reporter-output>
          </reporter-output>
        </test-method> <!-- testLoginFunction -->
      </class> <!-- com.ws.testcase.TestLoginPage -->
    </test> <!-- Default test -->
  </suite> <!-- Default suite -->
</testng-results>
